Build started 6/15/2017 10:30:50 PM.
     1>Project "c:\Users\SWATI\documents\visual studio 2013\Projects\bigO\bigO\bigO.vcxproj" on node 2 (Build target(s)).
     1>ClCompile:
         C:\Program Files (x86)\Microsoft Visual Studio 12.0\VC\bin\CL.exe /c /ZI /nologo /W3 /WX- /sdl /Od /Oy- /D WIN32 /D _DEBUG /D _CONSOLE /D _LIB /D _UNICODE /D UNICODE /Gm /EHsc /RTC1 /MDd /GS /fp:precise /Zc:wchar_t /Zc:forScope /Fo"Debug\\" /Fd"Debug\vc120.pdb" /Gd /TP /analyze- /errorReport:prompt BigO.cpp
         BigO.cpp
     1>c:\users\swati\documents\visual studio 2013\projects\bigo\bigo\bigo.cpp(5): error C2143: syntax error : missing ')' before 'constant'
     1>c:\users\swati\documents\visual studio 2013\projects\bigo\bigo\bigo.cpp(5): error C2143: syntax error : missing ';' before 'constant'
     1>c:\users\swati\documents\visual studio 2013\projects\bigo\bigo\bigo.cpp(5): error C2059: syntax error : 'constant'
     1>c:\users\swati\documents\visual studio 2013\projects\bigo\bigo\bigo.cpp(5): error C2059: syntax error : ')'
     1>c:\users\swati\documents\visual studio 2013\projects\bigo\bigo\bigo.cpp(5): error C2143: syntax error : missing ';' before '{'
     1>c:\users\swati\documents\visual studio 2013\projects\bigo\bigo\bigo.cpp(5): error C2447: '{' : missing function header (old-style formal list?)
     1>Done Building Project "c:\Users\SWATI\documents\visual studio 2013\Projects\bigO\bigO\bigO.vcxproj" (Build target(s)) -- FAILED.

Build FAILED.

Time Elapsed 00:00:00.66
