Build started 7/14/2017 8:36:32 PM.
     1>Project "C:\Users\SWATI\Documents\Visual Studio 2013\Projects\001 PROGRAMS CS 201 R\Virtual_Function\Virtual_Function\Virtual_Function.vcxproj" on node 2 (Build target(s)).
     1>Link:
         C:\Program Files (x86)\Microsoft Visual Studio 12.0\VC\bin\link.exe /ERRORREPORT:PROMPT /OUT:"C:\Users\SWATI\Documents\Visual Studio 2013\Projects\001 PROGRAMS CS 201 R\Virtual_Function\Release\Virtual_Function.exe" /INCREMENTAL:NO /NOLOGO kernel32.lib user32.lib gdi32.lib winspool.lib comdlg32.lib advapi32.lib shell32.lib ole32.lib oleaut32.lib uuid.lib odbc32.lib odbccp32.lib /MANIFEST /MANIFESTUAC:"level='asInvoker' uiAccess='false'" /manifest:embed /DEBUG /PDB:"C:\Users\SWATI\Documents\Visual Studio 2013\Projects\001 PROGRAMS CS 201 R\Virtual_Function\Release\Virtual_Function.pdb" /SUBSYSTEM:CONSOLE /OPT:REF /OPT:ICF /LTCG /TLBID:1 /DYNAMICBASE /NXCOMPAT /IMPLIB:"C:\Users\SWATI\Documents\Visual Studio 2013\Projects\001 PROGRAMS CS 201 R\Virtual_Function\Release\Virtual_Function.lib" /MACHINE:X86 /SAFESEH Release\Main.obj
         Release\pizza.obj
         Release\Sandwich.obj
     1>LINK : fatal error LNK1104: cannot open file 'C:\Users\SWATI\Documents\Visual Studio 2013\Projects\001 PROGRAMS CS 201 R\Virtual_Function\Release\Virtual_Function.exe'
     1>Done Building Project "C:\Users\SWATI\Documents\Visual Studio 2013\Projects\001 PROGRAMS CS 201 R\Virtual_Function\Virtual_Function\Virtual_Function.vcxproj" (Build target(s)) -- FAILED.

Build FAILED.

Time Elapsed 00:00:00.12
